{"/Users/anuragreddy/Desktop/piglatin/scripts.js": {"path":"/Users/anuragreddy/Desktop/piglatin/scripts.js","statementMap":{"0":{"start":{"line":5,"column":4},"end":{"line":5,"column":30}},"1":{"start":{"line":6,"column":4},"end":{"line":6,"column":37}},"2":{"start":{"line":8,"column":19},"end":{"line":8,"column":44}},"3":{"start":{"line":10,"column":21},"end":{"line":10,"column":22}},"4":{"start":{"line":12,"column":4},"end":{"line":27,"column":5}},"5":{"start":{"line":14,"column":6},"end":{"line":14,"column":26}},"6":{"start":{"line":17,"column":6},"end":{"line":24,"column":7}},"7":{"start":{"line":19,"column":8},"end":{"line":23,"column":9}},"8":{"start":{"line":21,"column":10},"end":{"line":21,"column":42}},"9":{"start":{"line":22,"column":10},"end":{"line":22,"column":16}},"10":{"start":{"line":26,"column":6},"end":{"line":26,"column":71}},"11":{"start":{"line":30,"column":2},"end":{"line":30,"column":29}}},"fnMap":{"0":{"name":"translate","decl":{"start":{"line":3,"column":9},"end":{"line":3,"column":18}},"loc":{"start":{"line":3,"column":25},"end":{"line":28,"column":3}},"line":3}},"branchMap":{"0":{"loc":{"start":{"line":12,"column":4},"end":{"line":27,"column":5}},"type":"if","locations":[{"start":{"line":12,"column":4},"end":{"line":27,"column":5}},{"start":{"line":12,"column":4},"end":{"line":27,"column":5}}],"line":12},"1":{"loc":{"start":{"line":19,"column":8},"end":{"line":23,"column":9}},"type":"if","locations":[{"start":{"line":19,"column":8},"end":{"line":23,"column":9}},{"start":{"line":19,"column":8},"end":{"line":23,"column":9}}],"line":19}},"s":{"0":9,"1":9,"2":9,"3":9,"4":9,"5":5,"6":4,"7":13,"8":4,"9":4,"10":4,"11":1},"f":{"0":9},"b":{"0":[5,4],"1":[4,9]},"_coverageSchema":"1a1c01bbd47fc00a2c39e90264f33305004495a9","hash":"d4dd5a055c41976a84337edbf347a1bf08f0d6e1"}
}
